app/build/outputs/logs/manifest-merger-debug-report.txt
-- Merging decision tree log ---
manifest
ADDED from src/main/AndroidManifest.xml:2:1-71:12
	package
		ADDED from src/main/AndroidManifest.xml:2:11-30
		INJECTED from src/main/AndroidManifest.xml
		INJECTED from src/main/AndroidManifest.xml
	android:versionName
		ADDED from src/main/AndroidManifest.xml:4:5-31
		INJECTED from src/main/AndroidManifest.xml
		INJECTED from src/main/AndroidManifest.xml
	android:versionCode
		ADDED from src/main/AndroidManifest.xml:3:5-29
		INJECTED from src/main/AndroidManifest.xml
		INJECTED from src/main/AndroidManifest.xml
	xmlns:android
		ADDED from src/main/AndroidManifest.xml:5:5-63
uses-sdk
ADDED from src/main/AndroidManifest.xml:7:5-9:41
	android:maxSdkVersion
		ADDED from src/main/AndroidManifest.xml:9:12-38
	android:targetSdkVersion
		ADDED from src/main/AndroidManifest.xml:8:12-40
		INJECTED from src/main/AndroidManifest.xml
		INJECTED from src/main/AndroidManifest.xml
	android:minSdkVersion
		ADDED from src/main/AndroidManifest.xml:7:15-40
		INJECTED from src/main/AndroidManifest.xml
		INJECTED from src/main/AndroidManifest.xml
application
ADDED from src/main/AndroidManifest.xml:28:6-47:18
	android:label
		ADDED from src/main/AndroidManifest.xml:29:9-54
	android:icon
		ADDED from src/main/AndroidManifest.xml:28:19-55
activity#br.unicamp.ic.sed.gui.pocketchess.MyPocketChess
ADDED from src/main/AndroidManifest.xml:31:9-38:20
	android:screenOrientation
		ADDED from src/main/AndroidManifest.xml:33:19-55
	android:label
		ADDED from src/main/AndroidManifest.xml:32:19-64
	android:name
		ADDED from src/main/AndroidManifest.xml:31:19-81
intent-filter#android.intent.action.MAIN+android.intent.category.LAUNCHER
ADDED from src/main/AndroidManifest.xml:34:13-37:29
action#android.intent.action.MAIN
ADDED from src/main/AndroidManifest.xml:35:17-69
	android:name
		ADDED from src/main/AndroidManifest.xml:35:25-66
category#android.intent.category.LAUNCHER
ADDED from src/main/AndroidManifest.xml:36:17-77
	android:name
		ADDED from src/main/AndroidManifest.xml:36:27-74
activity#br.unicamp.ic.sed.gui.pocketchess.InstructionsActivity
ADDED from src/main/AndroidManifest.xml:39:9-40:61
	android:screenOrientation
		ADDED from src/main/AndroidManifest.xml:40:13-49
	android:name
		ADDED from src/main/AndroidManifest.xml:39:19-88
activity#br.unicamp.ic.sed.gui.pocketchess.OptionsActivity
ADDED from src/main/AndroidManifest.xml:41:3-42:56
	android:screenOrientation
		ADDED from src/main/AndroidManifest.xml:42:8-44
	android:name
		ADDED from src/main/AndroidManifest.xml:41:13-77
activity#br.unicamp.ic.sed.gui.pocketchess.CopyrightActivity
ADDED from src/main/AndroidManifest.xml:43:3-44:56
	android:screenOrientation
		ADDED from src/main/AndroidManifest.xml:44:8-44
	android:name
		ADDED from src/main/AndroidManifest.xml:43:13-79
activity#br.unicamp.ic.sed.gui.pocketchess.GNUActivity
ADDED from src/main/AndroidManifest.xml:45:3-46:56
	android:screenOrientation
		ADDED from src/main/AndroidManifest.xml:46:8-44
	android:name
		ADDED from src/main/AndroidManifest.xml:45:13-73